
=== Mon Jan 20 00:37:15 2025

Packages were changed.
Update Mode: updateDependencies

The following packages were updated:
  com.unity.cinemachine from version 2.8.9 to 2.9.5

=== Mon Jan 20 00:37:15 2025

Packages were changed.
Update Mode: mergeDefaultDependencies

The following packages were added:
  com.unity.cinemachine@2.9.5

=== Mon Jan 20 00:40:01 2025

Packages were changed.
Update Mode: updateDependencies

The following packages were updated:
  com.unity.cinemachine from version 2.8.9 to 2.9.5

=== Mon Jan 20 00:40:21 2025

Packages were changed.
Update Mode: updateDependencies

The following packages were updated:
  com.unity.cinemachine from version 2.8.9 to 2.9.5
